<?xml version="1.0" encoding="UTF-8"?>
<testsuite name="aula02.powerLinearTest" tests="3" skipped="0" failures="0" errors="0" timestamp="2021-03-17T10:37:07" hostname="debian" time="0.052">
  <properties/>
  <testcase name="power_ExponentZero()" classname="aula02.powerLinearTest" time="0.048"/>
  <testcase name="power_EvenExponent()" classname="aula02.powerLinearTest" time="0.001"/>
  <testcase name="power_OddExponent()" classname="aula02.powerLinearTest" time="0.002"/>
  <system-out><![CDATA[]]></system-out>
  <system-err><![CDATA[]]></system-err>
</testsuite>
